
{"level":"debug","message":"GET in /js/admin.js - 18:00:32"}
{"level":"debug","message":"GET in /admin - 18:06:37"}
{"level":"debug","message":"GET in /css/styleProducts.css - 18:06:40"}
{"level":"debug","message":"GET in /js/admin.js - 18:06:40"}
{"level":"debug","message":"DELETE in /api/users/inactive - 18:06:43"}
{"level":"error","message":"Cannot delete inactive users with error: ReferenceError: id is not defined"}
{"level":"debug","message":"DELETE in /api/users/inactive - 18:06:53"}
{"level":"error","message":"Cannot delete inactive users with error: ReferenceError: id is not defined"}
{"level":"debug","message":"GET in /admin - 18:07:45"}
{"level":"debug","message":"GET in /css/styleProducts.css - 18:07:45"}
{"level":"debug","message":"GET in /js/admin.js - 18:07:45"}
{"level":"debug","message":"DELETE in /api/users/inactive - 18:07:51"}
{"level":"debug","message":"GET in /admin - 18:07:53"}
{"level":"debug","message":"GET in /css/styleProducts.css - 18:07:53"}
{"level":"debug","message":"GET in /js/admin.js - 18:07:53"}
{"level":"debug","message":"GET in /admin - 18:13:24"}
{"level":"debug","message":"GET in /js/admin.js - 18:13:25"}
{"level":"debug","message":"GET in /css/styleProducts.css - 18:13:25"}
{"level":"debug","message":"DELETE in /api/users/inactive - 18:13:40"}
{"level":"error","message":"Cannot delete inactive users with error: Error: No inactive users were found"}
{"level":"debug","message":"GET in /admin - 18:14:45"}
{"level":"debug","message":"GET in /js/admin.js - 18:14:48"}
{"level":"debug","message":"GET in /css/styleProducts.css - 18:14:48"}
{"level":"debug","message":"DELETE in /api/users/inactive - 18:14:51"}
{"level":"debug","message":"GET in /admin - 18:15:37"}
{"level":"debug","message":"GET in /js/admin.js - 18:15:40"}
{"level":"debug","message":"GET in /css/styleProducts.css - 18:15:40"}
{"level":"debug","message":"DELETE in /api/users/inactive - 18:15:41"}
{"level":"debug","message":"GET in /admin - 18:17:42"}
{"level":"debug","message":"GET in /js/admin.js - 18:17:45"}
{"level":"debug","message":"GET in /css/styleProducts.css - 18:17:45"}
{"level":"debug","message":"DELETE in /api/users/inactive - 18:17:47"}
{"level":"debug","message":"GET in /admin - 18:19:13"}
{"level":"debug","message":"GET in /js/admin.js - 18:19:13"}
{"level":"debug","message":"GET in /css/styleProducts.css - 18:19:13"}
{"level":"debug","message":"DELETE in /api/users/inactive - 18:19:21"}
{"level":"debug","message":"GET in /admin - 18:19:49"}
{"level":"debug","message":"GET in /js/admin.js - 18:19:52"}
{"level":"debug","message":"GET in /css/styleProducts.css - 18:19:52"}
{"level":"debug","message":"DELETE in /api/users/inactive - 18:19:54"}
{"level":"debug","message":"GET in /admin - 18:20:22"}
{"level":"debug","message":"GET in /js/admin.js - 18:20:22"}
{"level":"debug","message":"GET in /css/styleProducts.css - 18:20:22"}
{"level":"debug","message":"DELETE in /api/users/inactive - 18:20:27"}
{"level":"debug","message":"GET in /admin - 18:22:07"}
{"level":"debug","message":"GET in /js/admin.js - 18:22:07"}
{"level":"debug","message":"GET in /css/styleProducts.css - 18:22:07"}
{"level":"debug","message":"DELETE in /api/users/inactive - 18:22:09"}
{"level":"debug","message":"GET in /admin - 18:23:22"}
{"level":"debug","message":"GET in /js/admin.js - 18:23:25"}
{"level":"debug","message":"GET in /css/styleProducts.css - 18:23:25"}
{"level":"debug","message":"DELETE in /api/users/inactive - 18:23:26"}
{"level":"debug","message":"GET in /admin - 18:23:28"}
{"level":"debug","message":"GET in /js/admin.js - 18:23:28"}
{"level":"debug","message":"GET in /css/styleProducts.css - 18:23:28"}
{"level":"debug","message":"GET in /admin - 18:24:29"}
{"level":"debug","message":"GET in /js/admin.js - 18:24:30"}
{"level":"debug","message":"GET in /css/styleProducts.css - 18:24:30"}
{"level":"debug","message":"DELETE in /api/users/inactive - 18:24:42"}
{"level":"debug","message":"GET in /admin - 18:24:43"}
{"level":"debug","message":"GET in /js/admin.js - 18:24:44"}
{"level":"debug","message":"GET in /css/styleProducts.css - 18:24:44"}
{"level":"debug","message":"GET in /profile/products - 18:27:41"}
{"level":"debug","message":"GET in / - 18:27:49"}
{"level":"debug","message":"GET in /css/styleProducts.css - 18:27:49"}
{"level":"debug","message":"GET in /js/login.js - 18:27:49"}
{"level":"debug","message":"POST in /api/sessions/login - 18:28:34"}
{"level":"debug","message":"POST in /api/sessions/login - 18:28:48"}
{"level":"debug","message":"GET in /products - 18:28:50"}
{"level":"debug","message":"GET in /js/products.js - 18:28:50"}
{"level":"debug","message":"GET in /css/styleProducts.css - 18:28:50"}
{"level":"debug","message":"GET in /thumbnails/1681689657952-Gabinete-mid-tower_1.png - 18:28:50"}
{"level":"debug","message":"GET in /thumbnails/1681689704267-Gabinete-gigmatek_1.png - 18:28:50"}
{"level":"debug","message":"GET in /api/sessions/logout - 18:28:54"}
{"level":"debug","message":"GET in / - 18:28:56"}
{"level":"debug","message":"GET in /js/login.js - 18:28:56"}
{"level":"debug","message":"GET in /css/styleProducts.css - 18:28:56"}
{"level":"debug","message":"POST in /api/sessions/login - 18:29:49"}
{"level":"debug","message":"GET in /products - 18:29:51"}
{"level":"debug","message":"GET in /js/products.js - 18:29:52"}
{"level":"debug","message":"GET in /css/styleProducts.css - 18:29:52"}
{"level":"debug","message":"GET in /thumbnails/1681689657952-Gabinete-mid-tower_1.png - 18:29:52"}
{"level":"debug","message":"GET in /thumbnails/1681689704267-Gabinete-gigmatek_1.png - 18:29:52"}
{"level":"debug","message":"GET in /admin - 18:29:54"}
{"level":"debug","message":"GET in /css/styleProducts.css - 18:29:54"}
{"level":"debug","message":"GET in /js/admin.js - 18:29:55"}
{"level":"debug","message":"DELETE in /api/users/inactive - 18:30:12"}
{"level":"debug","message":"DELETE in /api/users/inactive - 18:30:31"}
{"level":"debug","message":"GET in /admin - 18:30:43"}
{"level":"debug","message":"GET in /js/admin.js - 18:30:43"}
{"level":"debug","message":"GET in /css/styleProducts.css - 18:30:43"}
{"level":"debug","message":"GET in /css/styleProducts.css - 18:31:19"}
{"level":"debug","message":"GET in /admin - 18:31:38"}
{"level":"debug","message":"GET in /js/admin.js - 18:31:39"}
{"level":"debug","message":"GET in /css/styleProducts.css - 18:31:39"}
{"level":"debug","message":"GET in /cart/ - 18:31:45"}
{"level":"debug","message":"GET in /products - 18:33:13"}
{"level":"debug","message":"GET in /admin - 18:33:13"}
{"level":"debug","message":"GET in /css/styleProducts.css - 18:33:17"}
{"level":"debug","message":"GET in /js/admin.js - 18:33:17"}
{"level":"debug","message":"GET in /admin - 18:33:22"}
{"level":"debug","message":"GET in /css/styleProducts.css - 18:33:23"}
{"level":"debug","message":"GET in /js/admin.js - 18:33:23"}
{"level":"debug","message":"GET in /products - 18:34:33"}
{"level":"debug","message":"GET in /css/styleProducts.css - 18:34:33"}
{"level":"debug","message":"GET in /js/products.js - 18:34:33"}
{"level":"debug","message":"GET in /thumbnails/1681689657952-Gabinete-mid-tower_1.png - 18:34:33"}
{"level":"debug","message":"GET in /thumbnails/1681689704267-Gabinete-gigmatek_1.png - 18:34:33"}
{"level":"debug","message":"GET in /cart/64dd62a64a437f3be9553b2e - 18:34:34"}
{"level":"debug","message":"GET in /css/styleProducts.css - 18:34:35"}
{"level":"debug","message":"GET in /js/cart.js - 18:34:35"}
{"level":"debug","message":"GET in /admin - 18:34:40"}
{"level":"debug","message":"GET in /css/styleProducts.css - 18:34:40"}
{"level":"debug","message":"GET in /js/admin.js - 18:34:40"}
{"level":"debug","message":"GET in /products - 18:35:22"}
{"level":"debug","message":"GET in /css/styleProducts.css - 18:35:22"}
{"level":"debug","message":"GET in /js/products.js - 18:35:22"}
{"level":"debug","message":"GET in /thumbnails/1681689657952-Gabinete-mid-tower_1.png - 18:35:22"}
{"level":"debug","message":"GET in /thumbnails/1681689704267-Gabinete-gigmatek_1.png - 18:35:22"}
{"level":"debug","message":"GET in /cart/64dd62a64a437f3be9553b2e - 18:35:23"}
{"level":"debug","message":"GET in /css/styleProducts.css - 18:35:23"}
{"level":"debug","message":"GET in /js/cart.js - 18:35:23"}
{"level":"debug","message":"GET in /cart/64dd62a64a437f3be9553b2e - 18:35:59"}
{"level":"debug","message":"GET in /css/styleProducts.css - 18:36:00"}
{"level":"debug","message":"GET in /js/cart.js - 18:36:00"}
{"level":"debug","message":"GET in /cart/64dd62a64a437f3be9553b2e - 18:36:20"}
{"level":"debug","message":"GET in /css/styleProducts.css - 18:36:23"}
{"level":"debug","message":"GET in /js/cart.js - 18:36:23"}
{"level":"debug","message":"GET in /products - 18:43:32"}
{"level":"debug","message":"GET in /api/sessions/logout - 18:43:33"}
{"level":"debug","message":"GET in / - 18:43:35"}
{"level":"debug","message":"GET in /css/styleProducts.css - 18:43:35"}
{"level":"debug","message":"GET in /js/login.js - 18:43:35"}
{"level":"debug","message":"POST in /api/sessions/login - 18:44:10"}
{"level":"debug","message":"GET in /products - 18:44:12"}
{"level":"debug","message":"GET in /css/styleProducts.css - 18:44:13"}
{"level":"debug","message":"GET in /js/products.js - 18:44:13"}
{"level":"debug","message":"GET in /thumbnails/1681689657952-Gabinete-mid-tower_1.png - 18:44:13"}
{"level":"debug","message":"GET in /thumbnails/1681689704267-Gabinete-gigmatek_1.png - 18:44:13"}
{"level":"debug","message":"GET in /products - 18:45:19"}
{"level":"debug","message":"GET in /css/styleProducts.css - 18:45:21"}
{"level":"debug","message":"GET in /js/products.js - 18:45:21"}
{"level":"debug","message":"GET in /thumbnails/1681689657952-Gabinete-mid-tower_1.png - 18:45:21"}
{"level":"debug","message":"GET in /thumbnails/1681689704267-Gabinete-gigmatek_1.png - 18:45:21"}
{"level":"debug","message":"GET in /products - 18:47:11"}
{"level":"debug","message":"GET in /css/styleProducts.css - 18:47:14"}
{"level":"debug","message":"GET in /js/products.js - 18:47:14"}
{"level":"debug","message":"GET in /thumbnails/1681689657952-Gabinete-mid-tower_1.png - 18:47:14"}
{"level":"debug","message":"GET in /thumbnails/1681689704267-Gabinete-gigmatek_1.png - 18:47:14"}
{"level":"debug","message":"GET in /products - 18:49:58"}
{"level":"debug","message":"GET in /css/styleProducts.css - 18:49:58"}
{"level":"debug","message":"GET in /js/products.js - 18:49:58"}
{"level":"debug","message":"GET in /thumbnails/1681689657952-Gabinete-mid-tower_1.png - 18:49:59"}
{"level":"debug","message":"GET in /thumbnails/1681689704267-Gabinete-gigmatek_1.png - 18:49:59"}
{"level":"debug","message":"GET in /js/logoutfunction.js - 18:49:59"}
{"level":"debug","message":"GET in /api/sessions/logout - 18:50:01"}
{"level":"debug","message":"GET in / - 18:50:03"}
{"level":"debug","message":"GET in /css/styleProducts.css - 18:50:03"}
{"level":"debug","message":"GET in /js/login.js - 18:50:03"}
{"level":"debug","message":"POST in /api/sessions/login - 19:10:24"}
{"level":"debug","message":"GET in /products - 19:10:26"}
{"level":"debug","message":"GET in /css/styleProducts.css - 19:10:27"}
{"level":"debug","message":"GET in /js/products.js - 19:10:27"}
{"level":"debug","message":"GET in /js/logoutfunction.js - 19:10:27"}
{"level":"debug","message":"GET in /thumbnails/1681689657952-Gabinete-mid-tower_1.png - 19:10:27"}
{"level":"debug","message":"GET in /thumbnails/1681689704267-Gabinete-gigmatek_1.png - 19:10:27"}
{"level":"debug","message":"GET in /admin - 19:10:29"}
{"level":"debug","message":"GET in /css/styleProducts.css - 19:10:30"}
{"level":"debug","message":"GET in /js/admin.js - 19:10:30"}
{"level":"debug","message":"GET in /js/logoutfunction.js - 19:10:30"}
{"level":"debug","message":"DELETE in /api/users/inactive - 19:11:54"}
{"level":"debug","message":"GET in /admin - 19:11:56"}
{"level":"debug","message":"GET in /js/admin.js - 19:11:57"}
{"level":"debug","message":"GET in /css/styleProducts.css - 19:11:57"}
{"level":"debug","message":"GET in /js/logoutfunction.js - 19:11:57"}
{"level":"debug","message":"GET in /api/sessions/logout - 19:12:41"}
{"level":"debug","message":"GET in / - 19:12:47"}
{"level":"debug","message":"GET in /css/styleProducts.css - 19:12:47"}
{"level":"debug","message":"GET in /js/login.js - 19:12:47"}
{"level":"debug","message":"POST in /api/sessions/login - 19:18:21"}
{"level":"debug","message":"GET in /products - 19:18:23"}
{"level":"debug","message":"GET in /js/products.js - 19:18:24"}
{"level":"debug","message":"GET in /css/styleProducts.css - 19:18:24"}
{"level":"debug","message":"GET in /js/logoutfunction.js - 19:18:24"}
{"level":"debug","message":"GET in /thumbnails/1681689657952-Gabinete-mid-tower_1.png - 19:18:24"}
{"level":"debug","message":"GET in /thumbnails/1681689704267-Gabinete-gigmatek_1.png - 19:18:24"}
{"level":"debug","message":"GET in /admin - 19:18:26"}
{"level":"debug","message":"GET in /css/styleProducts.css - 19:18:26"}
{"level":"debug","message":"GET in /js/admin.js - 19:18:26"}
{"level":"debug","message":"GET in /js/logoutfunction.js - 19:18:26"}
{"level":"debug","message":"DELETE in /api/users/inactive - 19:18:34"}
{"level":"debug","message":"GET in /admin - 19:18:37"}
{"level":"debug","message":"GET in /js/admin.js - 19:18:37"}
{"level":"debug","message":"GET in /css/styleProducts.css - 19:18:37"}
{"level":"debug","message":"GET in /js/logoutfunction.js - 19:18:37"}
{"level":"debug","message":"GET in /api/sessions/logout - 19:20:32"}
{"level":"debug","message":"GET in / - 19:20:34"}
{"level":"debug","message":"GET in /js/login.js - 19:20:34"}
{"level":"debug","message":"GET in /css/styleProducts.css - 19:20:34"}
{"level":"debug","message":"POST in /api/sessions/login - 19:21:10"}
{"level":"debug","message":"GET in /products - 19:21:12"}
{"level":"debug","message":"GET in /js/products.js - 19:21:12"}
{"level":"debug","message":"GET in /css/styleProducts.css - 19:21:12"}
{"level":"debug","message":"GET in /js/logoutfunction.js - 19:21:12"}
{"level":"debug","message":"GET in /thumbnails/1681689657952-Gabinete-mid-tower_1.png - 19:21:12"}
{"level":"debug","message":"GET in /thumbnails/1681689704267-Gabinete-gigmatek_1.png - 19:21:12"}
{"level":"debug","message":"GET in /admin - 19:21:14"}
{"level":"debug","message":"GET in /css/styleProducts.css - 19:21:15"}
{"level":"debug","message":"GET in /js/admin.js - 19:21:15"}
{"level":"debug","message":"GET in /js/logoutfunction.js - 19:21:15"}
{"level":"debug","message":"GET in /cart/64dd62a64a437f3be9553b2e - 19:21:15"}
{"level":"debug","message":"GET in /css/styleProducts.css - 19:21:16"}
{"level":"debug","message":"GET in /js/cart.js - 19:21:16"}
{"level":"debug","message":"GET in /js/logoutfunction.js - 19:21:16"}
{"level":"debug","message":"GET in /admin - 19:21:17"}
{"level":"debug","message":"GET in /css/styleProducts.css - 19:21:17"}
{"level":"debug","message":"GET in /js/admin.js - 19:21:17"}
{"level":"debug","message":"GET in /js/logoutfunction.js - 19:21:17"}
{"level":"debug","message":"DELETE in /api/users/inactive - 19:21:23"}
{"level":"debug","message":"GET in /admin - 19:21:27"}
{"level":"debug","message":"GET in /js/admin.js - 19:21:27"}
{"level":"debug","message":"GET in /css/styleProducts.css - 19:21:27"}
{"level":"debug","message":"GET in /js/logoutfunction.js - 19:21:27"}
{"level":"debug","message":"GET in /admin - 19:23:08"}
{"level":"debug","message":"GET in /js/admin.js - 19:23:09"}
{"level":"debug","message":"GET in /css/styleProducts.css - 19:23:09"}
{"level":"debug","message":"GET in /js/logoutfunction.js - 19:23:09"}
{"level":"debug","message":"GET in /admin - 19:23:12"}
{"level":"debug","message":"GET in /js/admin.js - 19:23:12"}
{"level":"debug","message":"GET in /css/styleProducts.css - 19:23:12"}
{"level":"debug","message":"GET in /js/logoutfunction.js - 19:23:12"}
{"level":"debug","message":"GET in /products - 19:23:19"}
{"level":"debug","message":"GET in /css/styleProducts.css - 19:23:20"}
{"level":"debug","message":"GET in /js/products.js - 19:23:20"}
{"level":"debug","message":"GET in /js/logoutfunction.js - 19:23:20"}
{"level":"debug","message":"GET in /thumbnails/1681689657952-Gabinete-mid-tower_1.png - 19:23:20"}
{"level":"debug","message":"GET in /thumbnails/1681689704267-Gabinete-gigmatek_1.png - 19:23:20"}
{"level":"debug","message":"GET in /admin - 19:23:22"}
{"level":"debug","message":"GET in /js/admin.js - 19:23:22"}
{"level":"debug","message":"GET in /css/styleProducts.css - 19:23:22"}
{"level":"debug","message":"GET in /js/logoutfunction.js - 19:23:22"}
{"level":"debug","message":"GET in /admin - 19:24:19"}
{"level":"debug","message":"GET in /js/admin.js - 19:24:20"}
{"level":"debug","message":"GET in /css/styleProducts.css - 19:24:20"}
{"level":"debug","message":"GET in /js/logoutfunction.js - 19:24:20"}
{"level":"debug","message":"GET in /admin - 19:24:31"}
{"level":"debug","message":"GET in /js/admin.js - 19:24:31"}
{"level":"debug","message":"GET in /css/styleProducts.css - 19:24:31"}
{"level":"debug","message":"GET in /js/logoutfunction.js - 19:24:31"}
{"level":"debug","message":"GET in /api/sessions/logout - 19:48:45"}
{"level":"debug","message":"GET in / - 19:48:46"}
{"level":"debug","message":"GET in /css/styleProducts.css - 19:48:46"}
{"level":"debug","message":"GET in /js/login.js - 19:48:46"}
{"level":"debug","message":"POST in /api/sessions/login - 19:50:38"}
{"level":"debug","message":"GET in /products - 19:50:40"}
{"level":"debug","message":"GET in /css/styleProducts.css - 19:50:41"}
{"level":"debug","message":"GET in /js/products.js - 19:50:41"}
{"level":"debug","message":"GET in /js/logoutfunction.js - 19:50:41"}
{"level":"debug","message":"GET in /thumbnails/1681689657952-Gabinete-mid-tower_1.png - 19:50:41"}
{"level":"debug","message":"GET in /thumbnails/1681689704267-Gabinete-gigmatek_1.png - 19:50:41"}
{"level":"debug","message":"GET in /cart/64dd62fa4a437f3be9553b33 - 19:50:42"}
{"level":"debug","message":"GET in /css/styleProducts.css - 19:50:42"}
{"level":"debug","message":"GET in /js/cart.js - 19:50:42"}
{"level":"debug","message":"GET in /js/logoutfunction.js - 19:50:42"}
{"level":"debug","message":"GET in /products - 19:50:45"}
{"level":"debug","message":"GET in /css/styleProducts.css - 19:50:45"}
{"level":"debug","message":"GET in /js/products.js - 19:50:45"}
{"level":"debug","message":"GET in /thumbnails/1681689657952-Gabinete-mid-tower_1.png - 19:50:45"}
{"level":"debug","message":"GET in /thumbnails/1681689704267-Gabinete-gigmatek_1.png - 19:50:45"}
{"level":"debug","message":"GET in /js/logoutfunction.js - 19:50:45"}
{"level":"debug","message":"POST in /api/carts/64dd62fa4a437f3be9553b33/product/64b45c1e2e71b72e3bb2ecd5 - 19:50:50"}
{"level":"debug","message":"GET in /cart/64dd62fa4a437f3be9553b33 - 19:50:55"}
{"level":"debug","message":"GET in /css/styleProducts.css - 19:50:55"}
{"level":"debug","message":"GET in /js/cart.js - 19:50:55"}
{"level":"debug","message":"GET in /js/logoutfunction.js - 19:50:55"}
{"level":"debug","message":"GET in /thumbnails/1681689657952-Gabinete-mid-tower_1.png - 19:50:55"}
{"level":"debug","message":"GET in /api/payments/create-payment-intent - 19:50:56"}
{"level":"debug","message":"GET in /cart/64dd62fa4a437f3be9553b33/purchase - 19:51:26"}
{"level":"debug","message":"GET in /css/styleProducts.css - 19:51:28"}
{"level":"debug","message":"GET in /products - 19:51:32"}
{"level":"debug","message":"GET in /css/styleProducts.css - 19:51:33"}
{"level":"debug","message":"GET in /js/products.js - 19:51:33"}
{"level":"debug","message":"GET in /js/logoutfunction.js - 19:51:33"}
{"level":"debug","message":"GET in /thumbnails/1681689657952-Gabinete-mid-tower_1.png - 19:51:33"}
{"level":"debug","message":"GET in /thumbnails/1681689704267-Gabinete-gigmatek_1.png - 19:51:33"}
{"level":"debug","message":"POST in /api/sessions/login - 20:19:18"}
{"level":"debug","message":"GET in /api/products - 20:19:33"}
{"level":"debug","message":"POST in /api/carts/64dd62a74a437f3be9553b30/product/64b45c1e2e71b72e3bb2ecd9 - 20:21:42"}
{"level":"debug","message":"GET in / - 17:43:17"}
{"level":"debug","message":"GET in /css/styleProducts.css - 17:43:17"}
{"level":"debug","message":"GET in /js/login.js - 17:43:17"}
{"level":"debug","message":"GET in / - 17:43:17"}
{"level":"debug","message":"POST in /api/sessions/login - 17:43:19"}
{"level":"debug","message":"GET in /register - 17:43:20"}
{"level":"debug","message":"GET in /css/styleProducts.css - 17:43:20"}
{"level":"debug","message":"GET in /js/register.js - 17:43:20"}
{"level":"debug","message":"GET in /register - 17:43:20"}
{"level":"debug","message":"POST in /api/sessions/register - 17:43:29"}
{"level":"debug","message":"GET in /api/sessions/failRegister - 17:43:29"}
{"level":"debug","message":"GET in / - 17:43:32"}
{"level":"debug","message":"POST in /api/sessions/login - 17:43:37"}
{"level":"debug","message":"POST in /api/sessions/login - 17:43:41"}
{"level":"debug","message":"GET in /register - 17:43:43"}
{"level":"debug","message":"GET in /css/styleProducts.css - 17:43:43"}
{"level":"debug","message":"GET in /js/register.js - 17:43:43"}
{"level":"debug","message":"GET in /register - 17:43:43"}
{"level":"debug","message":"GET in /css/styleProducts.css - 17:43:47"}
{"level":"debug","message":"POST in /api/sessions/register - 17:43:59"}
{"level":"debug","message":"GET in /api/sessions/failRegister - 17:43:59"}
{"level":"debug","message":"GET in / - 17:44:02"}
{"level":"debug","message":"GET in /css/styleProducts.css - 17:44:02"}
{"level":"debug","message":"GET in /js/login.js - 17:44:02"}
{"level":"debug","message":"GET in / - 17:44:02"}
{"level":"debug","message":"POST in /api/sessions/login - 17:44:04"}
{"level":"debug","message":"POST in /api/sessions/login - 17:44:08"}
{"level":"debug","message":"GET in /api/sessions/github - 17:44:09"}
{"level":"debug","message":"GET in /api/sessions/githubcallback?code=d81f780981d279f5fa7e - 17:44:11"}
{"level":"debug","message":"GET in /products - 17:44:13"}
{"level":"debug","message":"GET in /thumbnails/1681689657952-Gabinete-mid-tower_1.png - 17:44:13"}
{"level":"debug","message":"GET in /thumbnails/1681689704267-Gabinete-gigmatek_1.png - 17:44:13"}
{"level":"debug","message":"GET in /css/styleProducts.css - 17:44:13"}
{"level":"debug","message":"GET in /js/products.js - 17:44:13"}
{"level":"debug","message":"GET in /js/logoutfunction.js - 17:44:13"}
{"level":"debug","message":"GET in /products - 17:44:13"}
{"level":"debug","message":"GET in /admin - 17:44:18"}
{"level":"debug","message":"GET in /css/styleProducts.css - 17:44:18"}
{"level":"debug","message":"GET in /style.css - 17:44:18"}
{"level":"debug","message":"GET in /admin - 17:44:19"}
{"level":"debug","message":"GET in /products - 17:44:20"}
{"level":"debug","message":"GET in /profile - 17:44:22"}
{"level":"debug","message":"GET in /profile/ - 17:44:22"}
{"level":"debug","message":"GET in /css/styleProducts.css - 17:44:22"}
{"level":"debug","message":"GET in /js/profile.js - 17:44:22"}
{"level":"debug","message":"GET in /js/logoutfunction.js - 17:44:22"}
{"level":"debug","message":"GET in /profile/ - 17:44:22"}
{"level":"debug","message":"GET in /profile/cart/64dfd81c7b57a48554d1d9d3 - 17:45:06"}
{"level":"debug","message":"GET in /profile/ - 17:45:07"}
{"level":"debug","message":"GET in /products - 17:45:07"}
{"level":"debug","message":"POST in /api/carts/64dfd81c7b57a48554d1d9d3/product/64b45c1e2e71b72e3bb2ecd5 - 17:45:09"}
{"level":"debug","message":"GET in /products - 17:45:11"}
{"level":"debug","message":"GET in /css/styleProducts.css - 17:45:11"}
{"level":"debug","message":"GET in /thumbnails/1681689657952-Gabinete-mid-tower_1.png - 17:45:11"}
{"level":"debug","message":"GET in /js/products.js - 17:45:11"}
{"level":"debug","message":"GET in /thumbnails/1681689704267-Gabinete-gigmatek_1.png - 17:45:11"}
{"level":"debug","message":"GET in /js/logoutfunction.js - 17:45:11"}
{"level":"debug","message":"GET in /products - 17:45:11"}
{"level":"debug","message":"GET in /product/64b45c1e2e71b72e3bb2ecd5 - 17:45:14"}
{"level":"debug","message":"GET in /css/styleProducts.css - 17:45:14"}
{"level":"debug","message":"GET in /thumbnails/1681689657952-Gabinete-mid-tower_1.png - 17:45:14"}
{"level":"debug","message":"GET in /js/product.js - 17:45:14"}
{"level":"debug","message":"GET in /js/logoutfunction.js - 17:45:14"}
{"level":"debug","message":"GET in /product/64b45c1e2e71b72e3bb2ecd5 - 17:45:14"}
{"level":"debug","message":"POST in /api/carts/64dfd81c7b57a48554d1d9d3/product/64b45c1e2e71b72e3bb2ecd5 - 17:45:15"}
{"level":"debug","message":"GET in /product/64b45c1e2e71b72e3bb2ecd5 - 17:45:17"}
{"level":"debug","message":"GET in /css/styleProducts.css - 17:45:17"}
{"level":"debug","message":"GET in /thumbnails/1681689657952-Gabinete-mid-tower_1.png - 17:45:17"}
{"level":"debug","message":"GET in /js/product.js - 17:45:17"}
{"level":"debug","message":"GET in /js/logoutfunction.js - 17:45:17"}
{"level":"debug","message":"GET in /product/64b45c1e2e71b72e3bb2ecd5 - 17:45:17"}
{"level":"debug","message":"POST in /api/carts/64dfd81c7b57a48554d1d9d3/product/64b45c1e2e71b72e3bb2ecd5 - 17:45:20"}
{"level":"debug","message":"GET in /product/64b45c1e2e71b72e3bb2ecd5 - 17:45:21"}
{"level":"debug","message":"GET in /css/styleProducts.css - 17:45:21"}
{"level":"debug","message":"GET in /thumbnails/1681689657952-Gabinete-mid-tower_1.png - 17:45:21"}
{"level":"debug","message":"GET in /js/product.js - 17:45:21"}
{"level":"debug","message":"GET in /js/logoutfunction.js - 17:45:21"}
{"level":"debug","message":"GET in /product/64b45c1e2e71b72e3bb2ecd5 - 17:45:21"}
{"level":"debug","message":"GET in /product/cart/64dfd81c7b57a48554d1d9d3 - 17:45:23"}
{"level":"debug","message":"GET in /product/64b45c1e2e71b72e3bb2ecd5 - 17:45:25"}
{"level":"debug","message":"GET in /products - 17:45:30"}
{"level":"debug","message":"GET in /css/styleProducts.css - 17:45:30"}
{"level":"debug","message":"GET in /thumbnails/1681689657952-Gabinete-mid-tower_1.png - 17:45:30"}
{"level":"debug","message":"GET in /js/products.js - 17:45:30"}
{"level":"debug","message":"GET in /thumbnails/1681689704267-Gabinete-gigmatek_1.png - 17:45:30"}
{"level":"debug","message":"GET in /js/logoutfunction.js - 17:45:30"}
{"level":"debug","message":"GET in /products - 17:45:30"}
{"level":"debug","message":"POST in /api/carts/64dfd81c7b57a48554d1d9d3/product/64b45c1e2e71b72e3bb2ecd6 - 17:45:34"}
{"level":"debug","message":"GET in /products - 17:45:36"}
{"level":"debug","message":"GET in /css/styleProducts.css - 17:45:36"}
{"level":"debug","message":"GET in /thumbnails/1681689657952-Gabinete-mid-tower_1.png - 17:45:36"}
{"level":"debug","message":"GET in /js/products.js - 17:45:36"}
{"level":"debug","message":"GET in /thumbnails/1681689704267-Gabinete-gigmatek_1.png - 17:45:36"}
{"level":"debug","message":"GET in /js/logoutfunction.js - 17:45:36"}
{"level":"debug","message":"GET in /products - 17:45:36"}
{"level":"debug","message":"GET in /product/64b45c1e2e71b72e3bb2ecd6 - 17:45:36"}
{"level":"debug","message":"GET in /css/styleProducts.css - 17:45:37"}
{"level":"debug","message":"GET in /thumbnails/1681689704267-Gabinete-gigmatek_1.png - 17:45:37"}
{"level":"debug","message":"GET in /js/product.js - 17:45:37"}
{"level":"debug","message":"GET in /js/logoutfunction.js - 17:45:37"}
{"level":"debug","message":"GET in /product/64b45c1e2e71b72e3bb2ecd6 - 17:45:37"}
{"level":"debug","message":"POST in /api/carts/64dfd81c7b57a48554d1d9d3/product/64b45c1e2e71b72e3bb2ecd6 - 17:45:39"}
{"level":"debug","message":"GET in /product/64b45c1e2e71b72e3bb2ecd6 - 17:45:40"}
{"level":"debug","message":"GET in /css/styleProducts.css - 17:45:40"}
{"level":"debug","message":"GET in /thumbnails/1681689704267-Gabinete-gigmatek_1.png - 17:45:40"}
{"level":"debug","message":"GET in /js/product.js - 17:45:40"}
{"level":"debug","message":"GET in /js/logoutfunction.js - 17:45:40"}
{"level":"debug","message":"GET in /product/64b45c1e2e71b72e3bb2ecd6 - 17:45:40"}
